{
  "RSpec": {
    "coverage": {
      "/Users/student/Projects/Weekly-Projects/Airbe_or_not_to_be/app/controllers/requests_controller.rb": [
        1,
        null,
        1,
        1,
        null,
        1,
        null,
        1,
        null,
        null,
        null,
        1,
        0,
        null,
        null,
        null,
        1,
        1,
        0,
        0,
        0,
        null,
        null,
        null,
        1,
        0,
        0,
        null,
        0,
        null,
        0,
        null,
        null,
        null,
        0,
        null,
        0,
        null,
        0,
        null,
        null,
        null,
        null,
        null,
        1,
        null,
        null,
        null,
        null,
        null,
        null,
        null,
        null
      ],
      "/Users/student/Projects/Weekly-Projects/Airbe_or_not_to_be/app/controllers/application_controller.rb": [
        1,
        1,
        null,
        1,
        0,
        null,
        1,
        null,
        1,
        0,
        null,
        null
      ],
      "/Users/student/Projects/Weekly-Projects/Airbe_or_not_to_be/spec/controllers/sessions_controller_spec.rb": [
        1,
        null,
        1,
        null,
        null
      ],
      "/Users/student/Projects/Weekly-Projects/Airbe_or_not_to_be/app/controllers/sessions_controller.rb": [
        1,
        null,
        1,
        null,
        null,
        1,
        0,
        0,
        0,
        0,
        0,
        null,
        0,
        0,
        null,
        null,
        null,
        1,
        0,
        0,
        0,
        null,
        null,
        null
      ],
      "/Users/student/Projects/Weekly-Projects/Airbe_or_not_to_be/spec/controllers/users_controller_spec.rb": [
        1,
        null,
        1,
        null,
        1,
        1,
        1,
        1,
        null,
        null,
        null,
        1,
        1,
        1,
        1,
        null,
        null,
        null,
        1,
        1,
        1,
        1,
        null,
        null,
        null,
        1,
        1,
        1,
        1,
        null,
        null,
        null,
        1,
        1,
        1,
        1,
        null,
        null,
        null,
        null
      ],
      "/Users/student/Projects/Weekly-Projects/Airbe_or_not_to_be/app/controllers/users_controller.rb": [
        1,
        1,
        1,
        null,
        null,
        1,
        null,
        null,
        null,
        1,
        4,
        null,
        null,
        1,
        1,
        null,
        1,
        1,
        1,
        1,
        null,
        null,
        null,
        null,
        null,
        null,
        1,
        null,
        null,
        1,
        null,
        null,
        1,
        null,
        1,
        1,
        null,
        null
      ],
      "/Users/student/Projects/Weekly-Projects/Airbe_or_not_to_be/spec/feature/add_user_signup_feature_spec.rb": [
        1,
        null,
        null,
        null,
        null,
        null,
        null,
        null,
        null,
        1,
        1,
        1,
        1,
        1,
        1,
        1,
        1,
        1,
        1,
        null,
        null,
        null,
        1,
        1,
        1,
        1,
        null,
        null,
        null
      ],
      "/Users/student/Projects/Weekly-Projects/Airbe_or_not_to_be/spec/feature/create_a_listing_feature_spec.rb": [
        1,
        null,
        1,
        1,
        1,
        0,
        null,
        null,
        null,
        null,
        null
      ],
      "/Users/student/Projects/Weekly-Projects/Airbe_or_not_to_be/spec/feature/logging_in_feauture_spec.rb": [
        1,
        null,
        1,
        1,
        1,
        0,
        0,
        null,
        null,
        null,
        null,
        1,
        1,
        1,
        0,
        0,
        null,
        null,
        null
      ],
      "/Users/student/Projects/Weekly-Projects/Airbe_or_not_to_be/spec/feature/seeing_available_dates_spec.rb": [
        1,
        null,
        1,
        1,
        1,
        0,
        0,
        null,
        null,
        1,
        0,
        0,
        0,
        0,
        null,
        null
      ],
      "/Users/student/Projects/Weekly-Projects/Airbe_or_not_to_be/spec/feature/viewings_listings_feature_spec.rb": [
        1,
        null,
        1,
        1,
        2,
        0,
        0,
        0,
        null,
        0,
        0,
        null,
        null,
        1,
        0,
        0,
        null,
        null,
        1,
        0,
        0,
        0,
        0,
        0,
        0,
        0,
        0,
        0,
        0,
        null,
        null
      ],
      "/Users/student/Projects/Weekly-Projects/Airbe_or_not_to_be/spec/helpers/listing_helper_spec.rb": [
        1,
        null,
        1,
        null,
        1,
        0,
        0,
        0,
        0,
        0,
        0,
        0,
        0,
        0,
        0,
        0,
        0,
        null,
        null
      ],
      "/Users/student/Projects/Weekly-Projects/Airbe_or_not_to_be/spec/helpers/requests_helper_spec.rb": [
        1,
        null,
        null,
        null,
        null,
        null,
        null,
        null,
        null,
        null,
        null,
        null,
        1,
        1,
        null
      ],
      "/Users/student/Projects/Weekly-Projects/Airbe_or_not_to_be/spec/helpers/sessions_helper_spec.rb": [
        1,
        null,
        null,
        null,
        null,
        null,
        null,
        null,
        null,
        null,
        null,
        null,
        null,
        null,
        null
      ],
      "/Users/student/Projects/Weekly-Projects/Airbe_or_not_to_be/spec/helpers/users_helper_spec.rb": [
        1,
        null,
        null,
        null,
        null,
        null,
        null,
        null,
        null,
        null,
        null,
        null,
        null,
        null,
        null,
        null,
        1,
        6,
        1,
        1,
        1,
        1,
        1,
        1,
        null,
        null,
        1,
        0,
        0,
        0,
        0,
        null
      ],
      "/Users/student/Projects/Weekly-Projects/Airbe_or_not_to_be/spec/models/booking_spec.rb": [
        1,
        null,
        1,
        1,
        null
      ],
      "/Users/student/Projects/Weekly-Projects/Airbe_or_not_to_be/app/models/booking.rb": [
        1,
        1,
        null
      ],
      "/Users/student/Projects/Weekly-Projects/Airbe_or_not_to_be/app/models/application_record.rb": [
        1,
        1,
        null
      ],
      "/Users/student/Projects/Weekly-Projects/Airbe_or_not_to_be/spec/models/request_spec.rb": [
        1,
        null,
        1,
        1,
        null
      ],
      "/Users/student/Projects/Weekly-Projects/Airbe_or_not_to_be/app/models/request.rb": [
        1,
        1,
        1,
        null
      ],
      "/Users/student/Projects/Weekly-Projects/Airbe_or_not_to_be/spec/models/user_spec.rb": [
        1,
        null,
        null,
        null,
        null
      ],
      "/Users/student/Projects/Weekly-Projects/Airbe_or_not_to_be/spec/views/requests/new.html.erb_spec.rb": [
        1,
        null,
        1,
        1,
        null
      ],
      "/Users/student/Projects/Weekly-Projects/Airbe_or_not_to_be/spec/views/requests/show.html.erb_spec.rb": [
        1,
        null,
        1,
        1,
        null
      ],
      "/Users/student/Projects/Weekly-Projects/Airbe_or_not_to_be/app/models/listing.rb": [
        1,
        1,
        1,
        1,
        null
      ],
      "/Users/student/Projects/Weekly-Projects/Airbe_or_not_to_be/app/models/user.rb": [
        1,
        1,
        1,
        1,
        null
      ],
      "/Users/student/Projects/Weekly-Projects/Airbe_or_not_to_be/app/controllers/listings_controller.rb": [
        1,
        null,
        1,
        1,
        null,
        null,
        null,
        1,
        0,
        0,
        0,
        null,
        null,
        null,
        1,
        0,
        null,
        null,
        1,
        0,
        0,
        null,
        0,
        0,
        null,
        0,
        0,
        null,
        0,
        0,
        null,
        0,
        0,
        null,
        0,
        0,
        null,
        null,
        0,
        null,
        null,
        null,
        null,
        1,
        null,
        null,
        1,
        null,
        1,
        null,
        0,
        null,
        null,
        null
      ]
    },
    "timestamp": 1564694715
  }
}
