{
  "RSpec": {
    "coverage": {
      "/Users/student/Airbe_or_not_to_be/app/controllers/sessions_controller.rb": [
        1,
        null,
        1,
        null,
        null,
        1,
        3,
        3,
        3,
        3,
        3,
        null,
        0,
        0,
        null,
        null,
        null,
        1,
        0,
        0,
        0,
        null,
        null,
        null
      ],
      "/Users/student/Airbe_or_not_to_be/app/controllers/application_controller.rb": [
        1,
        1,
        null,
        1,
        0,
        null,
        1,
        null,
        1,
        0,
        null,
        null
      ],
      "/Users/student/Airbe_or_not_to_be/spec/controllers/users_controller_spec.rb": [
        1,
        null,
        1,
        null,
        1,
        1,
        1,
        1,
        null,
        null,
        null,
        1,
        1,
        1,
        1,
        null,
        null,
        null,
        1,
        1,
        1,
        1,
        null,
        null,
        null,
        1,
        1,
        1,
        1,
        null,
        null,
        null,
        1,
        1,
        1,
        1,
        null,
        null,
        null,
        null
      ],
      "/Users/student/Airbe_or_not_to_be/app/controllers/users_controller.rb": [
        1,
        1,
        8,
        null,
        null,
        1,
        null,
        null,
        null,
        1,
        6,
        null,
        null,
        1,
        4,
        null,
        4,
        4,
        4,
        4,
        null,
        0,
        0,
        null,
        null,
        null,
        1,
        null,
        null,
        1,
        null,
        null,
        1,
        null,
        1,
        4,
        null,
        null
      ],
      "/Users/student/Airbe_or_not_to_be/spec/feature/add_user_login_feature_spec.rb": [
        1,
        null,
        1,
        1,
        1,
        1,
        null,
        null,
        null,
        1,
        1,
        1,
        1,
        1,
        1,
        1,
        1,
        1,
        1,
        null,
        null
      ],
      "/Users/student/Airbe_or_not_to_be/spec/feature/create_a_listing_feature_spec.rb": [
        1,
        null,
        1,
        1,
        1,
        1,
        1,
        1,
        null,
        null
      ],
      "/Users/student/Airbe_or_not_to_be/spec/feature/viewings_listings_feature_spec.rb": [
        1,
        null,
        1,
        1,
        2,
        2,
        2,
        2,
        2,
        null,
        null,
        1,
        1,
        1,
        null,
        null,
        1,
        1,
        1,
        1,
        1,
        1,
        1,
        1,
        1,
        1,
        null,
        null
      ],
      "/Users/student/Airbe_or_not_to_be/spec/helpers/listing_helper_spec.rb": [
        1,
        null,
        1,
        null,
        1,
        1,
        1,
        1,
        1,
        1,
        1,
        1,
        1,
        1,
        null,
        null
      ],
      "/Users/student/Airbe_or_not_to_be/spec/helpers/sessions_helper_spec.rb": [
        1,
        null,
        null,
        null,
        null,
        null,
        null,
        null,
        null,
        null,
        null,
        null,
        null,
        null,
        null
      ],
      "/Users/student/Airbe_or_not_to_be/spec/helpers/users_helper_spec.rb": [
        1,
        null,
        null,
        null,
        null,
        null,
        null,
        null,
        null,
        null,
        null,
        null,
        null,
        null,
        null,
        null,
        1,
        4,
        4,
        4,
        4,
        4,
        4,
        4,
        null,
        null,
        1,
        3,
        3,
        3,
        3,
        null
      ],
      "/Users/student/Airbe_or_not_to_be/spec/models/user_spec.rb": [
        1,
        null,
        null,
        null,
        null
      ],
      "/Users/student/Airbe_or_not_to_be/app/models/user.rb": [
        1,
        1,
        1,
        null
      ],
      "/Users/student/Airbe_or_not_to_be/app/models/application_record.rb": [
        1,
        1,
        null
      ],
      "/Users/student/Airbe_or_not_to_be/app/controllers/listings_controller.rb": [
        1,
        null,
        1,
        3,
        null,
        null,
        1,
        1,
        null,
        null,
        1,
        1,
        null,
        null,
        1,
        1,
        1,
        1,
        null,
        null,
        null,
        null,
        1,
        null,
        null,
        1,
        null,
        1,
        null,
        1,
        null,
        null,
        null
      ],
      "/Users/student/Airbe_or_not_to_be/app/models/listing.rb": [
        1,
        1,
        null
      ]
    },
    "timestamp": 1564569615
  }
}
